2025-11-09 03:35:17 - Matrix - INFO - [logger.__init__:95] - Logger 'Matrix' initialized
2025-11-09 03:35:18 - Matrix - WARNING - [logger.warning:177] - pycaw not available - volume control will be limited
2025-11-09 03:35:19 - Matrix - INFO - [logger.info:173] - Loaded skill: app_launcher
2025-11-09 03:35:19 - Matrix - INFO - [logger.info:173] - Loaded skill: browser_control
2025-11-09 03:35:19 - Matrix - INFO - [logger.info:173] - Loaded skill: media_control
2025-11-09 03:35:19 - Matrix - INFO - [logger.info:173] - Loaded skill: system_info
2025-11-09 03:35:19 - Matrix - INFO - [logger.info:173] - Loaded skill: message_sender
2025-11-09 03:35:19 - Matrix - INFO - [logger.info:173] - Loaded skill: power_controls
2025-11-09 03:35:19 - Matrix - INFO - [logger.info:173] - Loaded skill: file_manager
2025-11-09 03:35:19 - Matrix - WARNING - [logger.warning:177] - Skill module 'smart_home' not found — skipping.
2025-11-09 03:35:19 - Matrix - WARNING - [logger.warning:177] - Skill module 'weather' not found — skipping.
2025-11-09 03:35:19 - Matrix - WARNING - [logger.warning:177] - Skill module 'calendar_manager' not found — skipping.
2025-11-09 03:35:19 - Matrix - WARNING - [logger.warning:177] - Skill module 'reminder_system' not found — skipping.
2025-11-09 03:35:19 - Matrix - WARNING - [logger.warning:177] - Skill module 'music_player' not found — skipping.
2025-11-09 03:35:19 - Matrix - WARNING - [logger.warning:177] - Skill module 'screen_capture' not found — skipping.
2025-11-09 03:35:19 - Matrix - INFO - [logger.info:173] - Logging initialized - Level: INFO, Directory: logs
2025-11-09 03:35:19 - Matrix - INFO - [logger.info:173] - ============================================================
2025-11-09 03:35:19 - Matrix - INFO - [logger.info:173] - Matrix Voice Assistant Starting...
2025-11-09 03:35:19 - Matrix - INFO - [logger.info:173] - ============================================================
2025-11-09 03:35:19 - Matrix - INFO - [logger.info:173] - Configuration: Wake word='matrix', Timeout=15s, UI=True
2025-11-09 03:35:20 - Matrix - INFO - [logger.info:173] - TTS engine initialized successfully
2025-11-09 03:35:20 - Matrix - INFO - [logger.info:173] - Speech Engine initialized
2025-11-09 03:35:20 - Matrix - INFO - [logger.info:173] - TTS engine initialized successfully
2025-11-09 03:35:20 - Matrix - INFO - [logger.info:173] - Speech Engine initialized
2025-11-09 03:35:20 - Matrix - INFO - [logger.info:173] - Listener initialized with wake word: 'matrix'
2025-11-09 03:35:20 - Matrix - INFO - [logger.info:173] - Command Processor initialized with 30 commands
2025-11-09 03:35:20 - Matrix - INFO - [logger.info:173] - Context Manager initialized
2025-11-09 03:35:20 - Matrix - INFO - [logger.info:173] - UI Manager initialized
2025-11-09 03:35:20 - Matrix - INFO - [logger.info:173] - Matrix initialized successfully
2025-11-09 03:35:20 - Matrix - INFO - [logger.info:173] - Starting Matrix Voice Assistant...
2025-11-09 03:35:20 - Matrix - INFO - [logger.info:173] - UI window created
2025-11-09 03:35:21 - Matrix - INFO - [logger.info:173] - Speaking: Hello Sir, I am Matrix. All systems online and ready for your command.
2025-11-09 03:35:21 - Matrix - INFO - [logger.info:173] - State transition: idle -> wake_word_detection
2025-11-09 03:35:21 - Matrix - INFO - [logger.info:173] - State transition: wake_word_detection -> wake_word_detection
2025-11-09 03:35:28 - Matrix - WARNING - [logger.warning:177] - Listening timed out - no speech detected
2025-11-09 03:35:28 - Matrix - INFO - [logger.info:173] - State transition: wake_word_detection -> wake_word_detection
2025-11-09 03:35:33 - Matrix - WARNING - [logger.warning:177] - Listening timed out - no speech detected
2025-11-09 03:35:33 - Matrix - INFO - [logger.info:173] - State transition: wake_word_detection -> wake_word_detection
2025-11-09 03:35:41 - Matrix - WARNING - [logger.warning:177] - Google Speech Recognition could not understand audio
2025-11-09 03:35:41 - Matrix - ERROR - [logger.error:181] - Sphinx error: missing PocketSphinx module: ensure that PocketSphinx is set up correctly.
2025-11-09 03:35:41 - Matrix - INFO - [logger.info:173] - State transition: wake_word_detection -> wake_word_detection
2025-11-09 03:35:47 - Matrix - WARNING - [logger.warning:177] - Listening timed out - no speech detected
2025-11-09 03:35:47 - Matrix - INFO - [logger.info:173] - State transition: wake_word_detection -> wake_word_detection
2025-11-09 03:35:53 - Matrix - WARNING - [logger.warning:177] - Listening timed out - no speech detected
2025-11-09 03:35:53 - Matrix - INFO - [logger.info:173] - State transition: wake_word_detection -> wake_word_detection
2025-11-09 03:35:59 - Matrix - WARNING - [logger.warning:177] - Listening timed out - no speech detected
2025-11-09 03:35:59 - Matrix - INFO - [logger.info:173] - State transition: wake_word_detection -> wake_word_detection
2025-11-09 03:36:05 - Matrix - WARNING - [logger.warning:177] - Listening timed out - no speech detected
2025-11-09 03:36:05 - Matrix - INFO - [logger.info:173] - State transition: wake_word_detection -> wake_word_detection
2025-11-09 03:36:11 - Matrix - WARNING - [logger.warning:177] - Listening timed out - no speech detected
2025-11-09 03:36:11 - Matrix - INFO - [logger.info:173] - State transition: wake_word_detection -> wake_word_detection
2025-11-09 03:36:16 - Matrix - WARNING - [logger.warning:177] - Listening timed out - no speech detected
2025-11-09 03:36:16 - Matrix - INFO - [logger.info:173] - State transition: wake_word_detection -> wake_word_detection
2025-11-09 03:36:23 - Matrix - WARNING - [logger.warning:177] - Listening timed out - no speech detected
2025-11-09 03:36:23 - Matrix - INFO - [logger.info:173] - State transition: wake_word_detection -> wake_word_detection
2025-11-09 03:36:29 - Matrix - WARNING - [logger.warning:177] - Listening timed out - no speech detected
2025-11-09 03:36:29 - Matrix - INFO - [logger.info:173] - State transition: wake_word_detection -> wake_word_detection
2025-11-09 03:36:35 - Matrix - WARNING - [logger.warning:177] - Listening timed out - no speech detected
2025-11-09 03:36:35 - Matrix - INFO - [logger.info:173] - State transition: wake_word_detection -> wake_word_detection
2025-11-09 03:36:41 - Matrix - WARNING - [logger.warning:177] - Listening timed out - no speech detected
2025-11-09 03:36:41 - Matrix - INFO - [logger.info:173] - State transition: wake_word_detection -> wake_word_detection
2025-11-09 03:36:46 - Matrix - WARNING - [logger.warning:177] - Listening timed out - no speech detected
2025-11-09 03:36:46 - Matrix - INFO - [logger.info:173] - State transition: wake_word_detection -> wake_word_detection
2025-11-09 03:36:51 - Matrix - INFO - [logger.info:173] - Received shutdown signal.
2025-11-09 03:36:51 - Matrix - INFO - [logger.info:173] - Shutting down Matrix...
2025-11-09 03:36:51 - Matrix - INFO - [logger.info:173] - Speaking: Shutting down. Goodbye Sir.
2025-11-09 03:39:09 - Matrix - INFO - [logger.__init__:95] - Logger 'Matrix' initialized
2025-11-09 03:39:09 - Matrix - WARNING - [logger.warning:177] - pycaw not available - volume control will be limited
2025-11-09 03:39:11 - Matrix - INFO - [logger.info:173] - Loaded skill: app_launcher
2025-11-09 03:39:11 - Matrix - INFO - [logger.info:173] - Loaded skill: browser_control
2025-11-09 03:39:11 - Matrix - INFO - [logger.info:173] - Loaded skill: media_control
2025-11-09 03:39:11 - Matrix - INFO - [logger.info:173] - Loaded skill: system_info
2025-11-09 03:39:11 - Matrix - INFO - [logger.info:173] - Loaded skill: message_sender
2025-11-09 03:39:11 - Matrix - INFO - [logger.info:173] - Loaded skill: power_controls
2025-11-09 03:39:11 - Matrix - INFO - [logger.info:173] - Loaded skill: file_manager
2025-11-09 03:39:11 - Matrix - WARNING - [logger.warning:177] - Skill module 'smart_home' not found — skipping.
2025-11-09 03:39:11 - Matrix - WARNING - [logger.warning:177] - Skill module 'weather' not found — skipping.
2025-11-09 03:39:11 - Matrix - WARNING - [logger.warning:177] - Skill module 'calendar_manager' not found — skipping.
2025-11-09 03:39:11 - Matrix - WARNING - [logger.warning:177] - Skill module 'reminder_system' not found — skipping.
2025-11-09 03:39:11 - Matrix - WARNING - [logger.warning:177] - Skill module 'music_player' not found — skipping.
2025-11-09 03:39:11 - Matrix - WARNING - [logger.warning:177] - Skill module 'screen_capture' not found — skipping.
2025-11-09 03:39:11 - Matrix - INFO - [logger.info:173] - Logging initialized - Level: INFO, Directory: logs
2025-11-09 03:39:11 - Matrix - INFO - [logger.info:173] - ============================================================
2025-11-09 03:39:11 - Matrix - INFO - [logger.info:173] - Matrix Voice Assistant Starting...
2025-11-09 03:39:11 - Matrix - INFO - [logger.info:173] - ============================================================
2025-11-09 03:39:11 - Matrix - INFO - [logger.info:173] - Configuration: Wake word='matrix', Timeout=15s, UI=True
2025-11-09 03:39:11 - Matrix - INFO - [logger.info:173] - TTS engine initialized successfully
2025-11-09 03:39:11 - Matrix - INFO - [logger.info:173] - Speech Engine initialized
2025-11-09 03:39:11 - Matrix - INFO - [logger.info:173] - TTS engine initialized successfully
2025-11-09 03:39:11 - Matrix - INFO - [logger.info:173] - Speech Engine initialized
2025-11-09 03:39:11 - Matrix - INFO - [logger.info:173] - Listener initialized with wake word: 'matrix'
2025-11-09 03:39:11 - Matrix - INFO - [logger.info:173] - Command Processor initialized with 30 commands
2025-11-09 03:39:11 - Matrix - INFO - [logger.info:173] - Context Manager initialized
2025-11-09 03:39:11 - Matrix - INFO - [logger.info:173] - UI Manager initialized
2025-11-09 03:39:11 - Matrix - INFO - [logger.info:173] - Matrix initialized successfully
2025-11-09 03:39:11 - Matrix - INFO - [logger.info:173] - Starting Matrix Voice Assistant...
2025-11-09 03:39:11 - Matrix - INFO - [logger.info:173] - UI window created
2025-11-09 03:39:12 - Matrix - INFO - [logger.info:173] - Speaking: Hello Sir, I am Matrix. All systems online and ready for your command.
2025-11-09 03:39:12 - Matrix - INFO - [logger.info:173] - State transition: idle -> wake_word_detection
2025-11-09 03:39:12 - Matrix - INFO - [logger.info:173] - State transition: wake_word_detection -> wake_word_detection
2025-11-09 03:39:18 - Matrix - WARNING - [logger.warning:177] - Listening timed out - no speech detected
2025-11-09 03:39:18 - Matrix - INFO - [logger.info:173] - State transition: wake_word_detection -> wake_word_detection
2025-11-09 03:39:25 - Matrix - WARNING - [logger.warning:177] - Listening timed out - no speech detected
2025-11-09 03:39:25 - Matrix - INFO - [logger.info:173] - State transition: wake_word_detection -> wake_word_detection
2025-11-09 03:39:31 - Matrix - WARNING - [logger.warning:177] - Listening timed out - no speech detected
2025-11-09 03:39:31 - Matrix - INFO - [logger.info:173] - State transition: wake_word_detection -> wake_word_detection
2025-11-09 03:39:35 - Matrix - INFO - [logger.info:173] - Received shutdown signal.
2025-11-09 03:39:35 - Matrix - INFO - [logger.info:173] - Shutting down Matrix...
2025-11-09 03:39:35 - Matrix - INFO - [logger.info:173] - Speaking: Shutting down. Goodbye Sir.
