2025-11-12 21:44:22 - Matrix - INFO - [logger.__init__:95] - Logger 'Matrix' initialized
2025-11-12 21:44:24 - Matrix - WARNING - [logger.warning:177] - pycaw not available - volume control will be limited
2025-11-12 21:44:44 - Matrix - INFO - [logger.__init__:95] - Logger 'Matrix' initialized
2025-11-12 21:44:44 - Matrix - WARNING - [logger.warning:177] - pycaw not available - volume control will be limited
2025-11-12 21:45:09 - Matrix - INFO - [logger.__init__:95] - Logger 'Matrix' initialized
2025-11-12 21:45:09 - Matrix - WARNING - [logger.warning:177] - pycaw not available - volume control will be limited
2025-11-12 21:45:30 - Matrix - INFO - [logger.info:173] - Loaded skill: app_launcher
2025-11-12 21:45:30 - Matrix - INFO - [logger.info:173] - Loaded skill: browser_control
2025-11-12 21:45:30 - Matrix - INFO - [logger.info:173] - Loaded skill: media_control
2025-11-12 21:45:30 - Matrix - INFO - [logger.info:173] - Loaded skill: system_info
2025-11-12 21:45:30 - Matrix - INFO - [logger.info:173] - Loaded skill: message_sender
2025-11-12 21:45:30 - Matrix - INFO - [logger.info:173] - Loaded skill: power_controls
2025-11-12 21:45:30 - Matrix - INFO - [logger.info:173] - Loaded skill: file_manager
2025-11-12 21:45:30 - Matrix - WARNING - [logger.warning:177] - Skill module 'smart_home' not found — skipping.
2025-11-12 21:45:30 - Matrix - WARNING - [logger.warning:177] - Skill module 'weather' not found — skipping.
2025-11-12 21:45:30 - Matrix - WARNING - [logger.warning:177] - Skill module 'calendar_manager' not found — skipping.
2025-11-12 21:45:30 - Matrix - WARNING - [logger.warning:177] - Skill module 'reminder_system' not found — skipping.
2025-11-12 21:45:30 - Matrix - WARNING - [logger.warning:177] - Skill module 'music_player' not found — skipping.
2025-11-12 21:45:30 - Matrix - WARNING - [logger.warning:177] - Skill module 'screen_capture' not found — skipping.
2025-11-12 21:45:30 - Matrix - INFO - [logger.info:173] - Logging initialized - Level: INFO, Directory: logs
2025-11-12 21:45:30 - Matrix - INFO - [logger.info:173] - ============================================================
2025-11-12 21:45:30 - Matrix - INFO - [logger.info:173] - Matrix Voice Assistant Starting...
2025-11-12 21:45:30 - Matrix - INFO - [logger.info:173] - ============================================================
2025-11-12 21:45:30 - Matrix - INFO - [logger.info:173] - Configuration: Wake word='matrix', Timeout=15s, UI=True
2025-11-12 21:45:31 - Matrix - INFO - [logger.info:173] - TTS engine initialized successfully
2025-11-12 21:45:31 - Matrix - INFO - [logger.info:173] - Speech Engine initialized
2025-11-12 21:45:31 - Matrix - INFO - [logger.info:173] - TTS engine initialized successfully
2025-11-12 21:45:31 - Matrix - INFO - [logger.info:173] - Speech Engine initialized
2025-11-12 21:45:31 - Matrix - INFO - [logger.info:173] - Listener initialized with wake word: 'matrix'
2025-11-12 21:45:31 - Matrix - INFO - [logger.info:173] - Command Processor initialized with 30 commands
2025-11-12 21:45:31 - Matrix - INFO - [logger.info:173] - Context Manager initialized
2025-11-12 21:45:31 - Matrix - INFO - [logger.info:173] - UI Manager initialized
2025-11-12 21:45:31 - Matrix - INFO - [logger.info:173] - Matrix initialized successfully
2025-11-12 21:45:31 - Matrix - INFO - [logger.info:173] - Starting Matrix Voice Assistant...
2025-11-12 21:45:31 - Matrix - INFO - [logger.info:173] - UI window created
2025-11-12 21:45:32 - Matrix - INFO - [logger.info:173] - Speaking: Hello Sir, I am Matrix. All systems online and ready for your command.
2025-11-12 21:45:32 - Matrix - INFO - [logger.info:173] - State transition: idle -> wake_word_detection
2025-11-12 21:45:32 - Matrix - INFO - [logger.info:173] - State transition: wake_word_detection -> wake_word_detection
2025-11-12 21:45:39 - Matrix - WARNING - [logger.warning:177] - Listening timed out - no speech detected
2025-11-12 21:45:39 - Matrix - INFO - [logger.info:173] - State transition: wake_word_detection -> wake_word_detection
2025-11-12 21:45:45 - Matrix - WARNING - [logger.warning:177] - Listening timed out - no speech detected
2025-11-12 21:45:45 - Matrix - INFO - [logger.info:173] - State transition: wake_word_detection -> wake_word_detection
2025-11-12 21:45:51 - Matrix - WARNING - [logger.warning:177] - Listening timed out - no speech detected
2025-11-12 21:45:51 - Matrix - INFO - [logger.info:173] - State transition: wake_word_detection -> wake_word_detection
2025-11-12 21:45:54 - Matrix - INFO - [logger.info:173] - Received shutdown signal.
2025-11-12 21:45:54 - Matrix - INFO - [logger.info:173] - Shutting down Matrix...
2025-11-12 21:45:54 - Matrix - INFO - [logger.info:173] - Speaking: Shutting down. Goodbye Sir.
2025-11-12 21:56:14 - Matrix - INFO - [logger.__init__:95] - Logger 'Matrix' initialized
2025-11-12 21:59:20 - Matrix - INFO - [logger.__init__:95] - Logger 'Matrix' initialized
2025-11-12 21:59:21 - Matrix - WARNING - [logger.warning:177] - pycaw not available - volume control will be limited
2025-11-12 21:59:24 - Matrix - INFO - [logger.info:173] - Loaded skill: app_launcher
2025-11-12 21:59:24 - Matrix - INFO - [logger.info:173] - Loaded skill: browser_control
2025-11-12 21:59:24 - Matrix - INFO - [logger.info:173] - Loaded skill: media_control
2025-11-12 21:59:24 - Matrix - INFO - [logger.info:173] - Loaded skill: system_info
2025-11-12 21:59:24 - Matrix - INFO - [logger.info:173] - Loaded skill: message_sender
2025-11-12 21:59:24 - Matrix - INFO - [logger.info:173] - Loaded skill: power_controls
2025-11-12 21:59:24 - Matrix - INFO - [logger.info:173] - Loaded skill: file_manager
2025-11-12 21:59:24 - Matrix - WARNING - [logger.warning:177] - Skill module 'smart_home' not found — skipping.
2025-11-12 21:59:24 - Matrix - WARNING - [logger.warning:177] - Skill module 'weather' not found — skipping.
2025-11-12 21:59:24 - Matrix - WARNING - [logger.warning:177] - Skill module 'calendar_manager' not found — skipping.
2025-11-12 21:59:24 - Matrix - WARNING - [logger.warning:177] - Skill module 'reminder_system' not found — skipping.
2025-11-12 21:59:24 - Matrix - WARNING - [logger.warning:177] - Skill module 'music_player' not found — skipping.
2025-11-12 21:59:24 - Matrix - WARNING - [logger.warning:177] - Skill module 'screen_capture' not found — skipping.
2025-11-12 21:59:24 - Matrix - INFO - [logger.info:173] - Logging initialized - Level: INFO, Directory: logs
2025-11-12 21:59:24 - Matrix - INFO - [logger.info:173] - ============================================================
2025-11-12 21:59:24 - Matrix - INFO - [logger.info:173] - Matrix Voice Assistant Starting...
2025-11-12 21:59:24 - Matrix - INFO - [logger.info:173] - ============================================================
2025-11-12 21:59:24 - Matrix - INFO - [logger.info:173] - Configuration: Wake word='matrix', Timeout=15s, UI=True
2025-11-12 21:59:25 - Matrix - INFO - [logger.info:173] - TTS engine initialized successfully
2025-11-12 21:59:25 - Matrix - INFO - [logger.info:173] - Speech Engine initialized
2025-11-12 21:59:25 - Matrix - INFO - [logger.info:173] - TTS engine initialized successfully
2025-11-12 21:59:25 - Matrix - INFO - [logger.info:173] - Speech Engine initialized
2025-11-12 21:59:25 - Matrix - INFO - [logger.info:173] - Listener initialized with wake word: 'matrix'
2025-11-12 21:59:25 - Matrix - INFO - [logger.info:173] - Command Processor initialized with 30 commands
2025-11-12 21:59:25 - Matrix - INFO - [logger.info:173] - Context Manager initialized
2025-11-12 21:59:25 - Matrix - INFO - [logger.info:173] - UI Manager initialized
2025-11-12 21:59:25 - Matrix - INFO - [logger.info:173] - Matrix initialized successfully
2025-11-12 21:59:25 - Matrix - INFO - [logger.info:173] - Starting Matrix Voice Assistant...
2025-11-12 21:59:26 - Matrix - INFO - [logger.info:173] - UI window created
2025-11-12 21:59:27 - Matrix - INFO - [logger.info:173] - Speaking: Hello Sir, I am Matrix. All systems online and ready for your command.
2025-11-12 21:59:27 - Matrix - INFO - [logger.info:173] - State transition: idle -> wake_word_detection
2025-11-12 21:59:27 - Matrix - INFO - [logger.info:173] - State transition: wake_word_detection -> wake_word_detection
2025-11-12 21:59:33 - Matrix - WARNING - [logger.warning:177] - Listening timed out - no speech detected
2025-11-12 21:59:33 - Matrix - INFO - [logger.info:173] - State transition: wake_word_detection -> wake_word_detection
2025-11-12 21:59:39 - Matrix - WARNING - [logger.warning:177] - Listening timed out - no speech detected
2025-11-12 21:59:39 - Matrix - INFO - [logger.info:173] - State transition: wake_word_detection -> wake_word_detection
2025-11-12 21:59:45 - Matrix - WARNING - [logger.warning:177] - Listening timed out - no speech detected
2025-11-12 21:59:45 - Matrix - INFO - [logger.info:173] - State transition: wake_word_detection -> wake_word_detection
2025-11-12 21:59:51 - Matrix - WARNING - [logger.warning:177] - Listening timed out - no speech detected
2025-11-12 21:59:51 - Matrix - INFO - [logger.info:173] - State transition: wake_word_detection -> wake_word_detection
2025-11-12 21:59:57 - Matrix - WARNING - [logger.warning:177] - Listening timed out - no speech detected
2025-11-12 21:59:57 - Matrix - INFO - [logger.info:173] - State transition: wake_word_detection -> wake_word_detection
2025-11-12 22:00:03 - Matrix - INFO - [logger.info:173] - Received shutdown signal.
2025-11-12 22:00:03 - Matrix - INFO - [logger.info:173] - Shutting down Matrix...
2025-11-12 22:00:03 - Matrix - INFO - [logger.info:173] - Speaking: Shutting down. Goodbye Sir.
2025-11-12 23:34:39 - Matrix - INFO - [logger.__init__:95] - Logger 'Matrix' initialized
2025-11-12 23:34:41 - Matrix - WARNING - [logger.warning:177] - pycaw not available - volume control will be limited
2025-11-12 23:34:45 - Matrix - INFO - [logger.info:173] - Loaded skill: app_launcher
2025-11-12 23:34:45 - Matrix - INFO - [logger.info:173] - Loaded skill: browser_control
2025-11-12 23:34:45 - Matrix - INFO - [logger.info:173] - Loaded skill: media_control
2025-11-12 23:34:45 - Matrix - INFO - [logger.info:173] - Loaded skill: system_info
2025-11-12 23:34:45 - Matrix - INFO - [logger.info:173] - Loaded skill: message_sender
2025-11-12 23:34:45 - Matrix - INFO - [logger.info:173] - Loaded skill: power_controls
2025-11-12 23:34:45 - Matrix - INFO - [logger.info:173] - Loaded skill: file_manager
2025-11-12 23:34:45 - Matrix - WARNING - [logger.warning:177] - Skill module 'smart_home' not found — skipping.
2025-11-12 23:34:45 - Matrix - WARNING - [logger.warning:177] - Skill module 'weather' not found — skipping.
2025-11-12 23:34:45 - Matrix - WARNING - [logger.warning:177] - Skill module 'calendar_manager' not found — skipping.
2025-11-12 23:34:45 - Matrix - WARNING - [logger.warning:177] - Skill module 'reminder_system' not found — skipping.
2025-11-12 23:34:45 - Matrix - WARNING - [logger.warning:177] - Skill module 'music_player' not found — skipping.
2025-11-12 23:34:45 - Matrix - WARNING - [logger.warning:177] - Skill module 'screen_capture' not found — skipping.
2025-11-12 23:34:45 - Matrix - INFO - [logger.info:173] - Logging initialized - Level: INFO, Directory: logs
2025-11-12 23:34:45 - Matrix - INFO - [logger.info:173] - ============================================================
2025-11-12 23:34:45 - Matrix - INFO - [logger.info:173] - Matrix Voice Assistant Starting...
2025-11-12 23:34:45 - Matrix - INFO - [logger.info:173] - ============================================================
2025-11-12 23:34:45 - Matrix - INFO - [logger.info:173] - Configuration: Wake word='matrix', Timeout=15s, UI=True
2025-11-12 23:34:45 - Matrix - INFO - [logger.info:173] - TTS engine initialized successfully
2025-11-12 23:34:45 - Matrix - INFO - [logger.info:173] - Speech Engine initialized
2025-11-12 23:34:45 - Matrix - INFO - [logger.info:173] - TTS engine initialized successfully
2025-11-12 23:34:45 - Matrix - INFO - [logger.info:173] - Speech Engine initialized
2025-11-12 23:34:45 - Matrix - INFO - [logger.info:173] - Listener initialized with wake word: 'matrix'
2025-11-12 23:34:45 - Matrix - INFO - [logger.info:173] - Command Processor initialized with 30 commands
2025-11-12 23:34:45 - Matrix - INFO - [logger.info:173] - Context Manager initialized
2025-11-12 23:34:45 - Matrix - INFO - [logger.info:173] - UI Manager initialized
2025-11-12 23:34:45 - Matrix - INFO - [logger.info:173] - Matrix initialized successfully
2025-11-12 23:34:45 - Matrix - INFO - [logger.info:173] - Starting Matrix Voice Assistant...
2025-11-12 23:34:46 - Matrix - INFO - [logger.info:173] - UI window created
2025-11-12 23:34:47 - Matrix - INFO - [logger.info:173] - Speaking: Hello Sir, I am Matrix. All systems online and ready for your command.
2025-11-12 23:34:47 - Matrix - INFO - [logger.info:173] - State transition: idle -> wake_word_detection
2025-11-12 23:34:47 - Matrix - INFO - [logger.info:173] - State transition: wake_word_detection -> wake_word_detection
2025-11-12 23:34:54 - Matrix - WARNING - [logger.warning:177] - Listening timed out - no speech detected
2025-11-12 23:34:54 - Matrix - INFO - [logger.info:173] - State transition: wake_word_detection -> wake_word_detection
2025-11-12 23:35:00 - Matrix - WARNING - [logger.warning:177] - Listening timed out - no speech detected
2025-11-12 23:35:00 - Matrix - INFO - [logger.info:173] - State transition: wake_word_detection -> wake_word_detection
2025-11-12 23:35:06 - Matrix - WARNING - [logger.warning:177] - Listening timed out - no speech detected
2025-11-12 23:35:06 - Matrix - INFO - [logger.info:173] - State transition: wake_word_detection -> wake_word_detection
2025-11-12 23:35:12 - Matrix - WARNING - [logger.warning:177] - Listening timed out - no speech detected
2025-11-12 23:35:12 - Matrix - INFO - [logger.info:173] - State transition: wake_word_detection -> wake_word_detection
2025-11-12 23:35:17 - Matrix - WARNING - [logger.warning:177] - Listening timed out - no speech detected
2025-11-12 23:35:17 - Matrix - INFO - [logger.info:173] - State transition: wake_word_detection -> wake_word_detection
2025-11-12 23:35:19 - Matrix - INFO - [logger.info:173] - Received shutdown signal.
2025-11-12 23:35:19 - Matrix - INFO - [logger.info:173] - Shutting down Matrix...
2025-11-12 23:35:19 - Matrix - INFO - [logger.info:173] - Speaking: Shutting down. Goodbye Sir.
