2025-11-07 05:00:27 - Matrix - INFO - [logger.__init__:95] - Logger 'Matrix' initialized
2025-11-07 05:00:29 - Matrix - WARNING - [logger.warning:177] - pycaw not available - volume control will be limited
2025-11-07 05:00:31 - Matrix - ERROR - [logger.error:181] - Error importing skills: cannot import name 'smart_home' from 'skills' (unknown location)
2025-11-07 05:02:33 - Matrix - INFO - [logger.__init__:95] - Logger 'Matrix' initialized
2025-11-07 05:02:33 - Matrix - WARNING - [logger.warning:177] - pycaw not available - volume control will be limited
2025-11-07 05:02:35 - Matrix - ERROR - [logger.error:181] - Error importing skills: cannot import name 'smart_home' from 'skills' (unknown location)
2025-11-07 05:05:11 - Matrix - INFO - [logger.__init__:95] - Logger 'Matrix' initialized
2025-11-07 05:05:11 - Matrix - WARNING - [logger.warning:177] - pycaw not available - volume control will be limited
2025-11-07 05:05:14 - Matrix - ERROR - [logger.error:181] - Error importing skills: cannot import name 'smart_home' from 'skills' (unknown location)
2025-11-07 05:05:39 - Matrix - INFO - [logger.__init__:95] - Logger 'Matrix' initialized
2025-11-07 05:05:39 - Matrix - WARNING - [logger.warning:177] - pycaw not available - volume control will be limited
2025-11-07 05:05:42 - Matrix - ERROR - [logger.error:181] - Error importing skills: cannot import name 'weather' from 'skills' (unknown location)
2025-11-07 05:10:23 - Matrix - INFO - [logger.__init__:95] - Logger 'Matrix' initialized
2025-11-07 05:10:24 - Matrix - WARNING - [logger.warning:177] - pycaw not available - volume control will be limited
2025-11-07 05:10:25 - Matrix - INFO - [logger.info:173] - Loaded skill: app_launcher
2025-11-07 05:10:25 - Matrix - INFO - [logger.info:173] - Loaded skill: browser_control
2025-11-07 05:10:25 - Matrix - INFO - [logger.info:173] - Loaded skill: media_control
2025-11-07 05:10:25 - Matrix - INFO - [logger.info:173] - Loaded skill: system_info
2025-11-07 05:10:25 - Matrix - INFO - [logger.info:173] - Loaded skill: message_sender
2025-11-07 05:10:25 - Matrix - INFO - [logger.info:173] - Loaded skill: power_controls
2025-11-07 05:10:25 - Matrix - INFO - [logger.info:173] - Loaded skill: file_manager
2025-11-07 05:10:25 - Matrix - WARNING - [logger.warning:177] - Skill module 'smart_home' not found — skipping.
2025-11-07 05:10:25 - Matrix - WARNING - [logger.warning:177] - Skill module 'weather' not found — skipping.
2025-11-07 05:10:25 - Matrix - WARNING - [logger.warning:177] - Skill module 'calendar_manager' not found — skipping.
2025-11-07 05:10:25 - Matrix - WARNING - [logger.warning:177] - Skill module 'reminder_system' not found — skipping.
2025-11-07 05:10:25 - Matrix - WARNING - [logger.warning:177] - Skill module 'music_player' not found — skipping.
2025-11-07 05:10:25 - Matrix - WARNING - [logger.warning:177] - Skill module 'screen_capture' not found — skipping.
2025-11-07 05:10:25 - Matrix - INFO - [logger.info:173] - Logging initialized - Level: INFO, Directory: logs
2025-11-07 05:10:25 - Matrix - INFO - [logger.info:173] - ============================================================
2025-11-07 05:10:25 - Matrix - INFO - [logger.info:173] - Matrix Voice Assistant Starting...
2025-11-07 05:10:25 - Matrix - INFO - [logger.info:173] - ============================================================
2025-11-07 05:10:25 - Matrix - INFO - [logger.info:173] - Configuration: Wake word='matrix', Timeout=15s, UI=True
2025-11-07 05:10:26 - Matrix - INFO - [logger.info:173] - TTS engine initialized successfully
2025-11-07 05:10:26 - Matrix - INFO - [logger.info:173] - Speech Engine initialized
2025-11-07 05:10:26 - Matrix - INFO - [logger.info:173] - TTS engine initialized successfully
2025-11-07 05:10:26 - Matrix - INFO - [logger.info:173] - Speech Engine initialized
2025-11-07 05:10:26 - Matrix - INFO - [logger.info:173] - Listener initialized with wake word: 'matrix'
2025-11-07 05:10:26 - Matrix - INFO - [logger.info:173] - Command Processor initialized with 30 commands
2025-11-07 05:10:26 - Matrix - INFO - [logger.info:173] - Context Manager initialized
2025-11-07 05:10:26 - Matrix - INFO - [logger.info:173] - UI Manager initialized
2025-11-07 05:10:26 - Matrix - INFO - [logger.info:173] - Matrix initialized successfully
2025-11-07 05:10:26 - Matrix - INFO - [logger.info:173] - Starting Matrix Voice Assistant...
2025-11-07 05:10:27 - Matrix - INFO - [logger.info:173] - UI window created
2025-11-07 05:10:28 - Matrix - INFO - [logger.info:173] - Speaking: Hello Sir, I am Matrix. All systems online and ready for your command.
2025-11-07 05:10:28 - Matrix - INFO - [logger.info:173] - State transition: idle -> wake_word_detection
2025-11-07 05:10:28 - Matrix - INFO - [logger.info:173] - State transition: wake_word_detection -> wake_word_detection
2025-11-07 05:10:34 - Matrix - WARNING - [logger.warning:177] - Listening timed out - no speech detected
2025-11-07 05:10:34 - Matrix - INFO - [logger.info:173] - State transition: wake_word_detection -> wake_word_detection
2025-11-07 05:10:40 - Matrix - WARNING - [logger.warning:177] - Listening timed out - no speech detected
2025-11-07 05:10:40 - Matrix - INFO - [logger.info:173] - State transition: wake_word_detection -> wake_word_detection
2025-11-07 05:10:46 - Matrix - WARNING - [logger.warning:177] - Listening timed out - no speech detected
2025-11-07 05:10:46 - Matrix - INFO - [logger.info:173] - State transition: wake_word_detection -> wake_word_detection
2025-11-07 05:10:51 - Matrix - WARNING - [logger.warning:177] - Listening timed out - no speech detected
2025-11-07 05:10:51 - Matrix - INFO - [logger.info:173] - State transition: wake_word_detection -> wake_word_detection
2025-11-07 05:10:57 - Matrix - WARNING - [logger.warning:177] - Listening timed out - no speech detected
2025-11-07 05:10:57 - Matrix - INFO - [logger.info:173] - State transition: wake_word_detection -> wake_word_detection
2025-11-07 05:11:00 - Matrix - INFO - [logger.info:173] - Received shutdown signal.
2025-11-07 05:11:00 - Matrix - INFO - [logger.info:173] - Shutting down Matrix...
2025-11-07 05:11:00 - Matrix - INFO - [logger.info:173] - Speaking: Shutting down. Goodbye Sir.
2025-11-07 05:12:30 - Matrix - INFO - [logger.__init__:95] - Logger 'Matrix' initialized
2025-11-07 05:12:30 - Matrix - WARNING - [logger.warning:177] - pycaw not available - volume control will be limited
2025-11-07 05:12:33 - Matrix - INFO - [logger.info:173] - Loaded skill: app_launcher
2025-11-07 05:12:33 - Matrix - INFO - [logger.info:173] - Loaded skill: browser_control
2025-11-07 05:12:33 - Matrix - INFO - [logger.info:173] - Loaded skill: media_control
2025-11-07 05:12:33 - Matrix - INFO - [logger.info:173] - Loaded skill: system_info
2025-11-07 05:12:33 - Matrix - INFO - [logger.info:173] - Loaded skill: message_sender
2025-11-07 05:12:33 - Matrix - INFO - [logger.info:173] - Loaded skill: power_controls
2025-11-07 05:12:33 - Matrix - INFO - [logger.info:173] - Loaded skill: file_manager
2025-11-07 05:12:33 - Matrix - WARNING - [logger.warning:177] - Skill module 'smart_home' not found — skipping.
2025-11-07 05:12:33 - Matrix - WARNING - [logger.warning:177] - Skill module 'weather' not found — skipping.
2025-11-07 05:12:33 - Matrix - WARNING - [logger.warning:177] - Skill module 'calendar_manager' not found — skipping.
2025-11-07 05:12:33 - Matrix - WARNING - [logger.warning:177] - Skill module 'reminder_system' not found — skipping.
2025-11-07 05:12:33 - Matrix - WARNING - [logger.warning:177] - Skill module 'music_player' not found — skipping.
2025-11-07 05:12:33 - Matrix - WARNING - [logger.warning:177] - Skill module 'screen_capture' not found — skipping.
2025-11-07 05:12:33 - Matrix - INFO - [logger.info:173] - Logging initialized - Level: INFO, Directory: logs
2025-11-07 05:12:33 - Matrix - INFO - [logger.info:173] - ============================================================
2025-11-07 05:12:33 - Matrix - INFO - [logger.info:173] - Matrix Voice Assistant Starting...
2025-11-07 05:12:33 - Matrix - INFO - [logger.info:173] - ============================================================
2025-11-07 05:12:33 - Matrix - INFO - [logger.info:173] - Configuration: Wake word='matrix', Timeout=15s, UI=True
2025-11-07 05:12:33 - Matrix - INFO - [logger.info:173] - TTS engine initialized successfully
2025-11-07 05:12:33 - Matrix - INFO - [logger.info:173] - Speech Engine initialized
2025-11-07 05:12:33 - Matrix - INFO - [logger.info:173] - TTS engine initialized successfully
2025-11-07 05:12:33 - Matrix - INFO - [logger.info:173] - Speech Engine initialized
2025-11-07 05:12:33 - Matrix - INFO - [logger.info:173] - Listener initialized with wake word: 'matrix'
2025-11-07 05:12:33 - Matrix - INFO - [logger.info:173] - Command Processor initialized with 30 commands
2025-11-07 05:12:33 - Matrix - INFO - [logger.info:173] - Context Manager initialized
2025-11-07 05:12:33 - Matrix - INFO - [logger.info:173] - UI Manager initialized
2025-11-07 05:12:33 - Matrix - INFO - [logger.info:173] - Matrix initialized successfully
2025-11-07 05:12:33 - Matrix - INFO - [logger.info:173] - Starting Matrix Voice Assistant...
2025-11-07 05:12:33 - Matrix - INFO - [logger.info:173] - UI window created
2025-11-07 05:12:34 - Matrix - INFO - [logger.info:173] - Speaking: Hello Sir, I am Matrix. All systems online and ready for your command.
2025-11-07 05:12:34 - Matrix - INFO - [logger.info:173] - State transition: idle -> wake_word_detection
2025-11-07 05:12:34 - Matrix - INFO - [logger.info:173] - State transition: wake_word_detection -> wake_word_detection
2025-11-07 05:12:40 - Matrix - WARNING - [logger.warning:177] - Listening timed out - no speech detected
2025-11-07 05:12:40 - Matrix - INFO - [logger.info:173] - State transition: wake_word_detection -> wake_word_detection
2025-11-07 05:12:46 - Matrix - WARNING - [logger.warning:177] - Listening timed out - no speech detected
2025-11-07 05:12:46 - Matrix - INFO - [logger.info:173] - State transition: wake_word_detection -> wake_word_detection
2025-11-07 05:12:52 - Matrix - WARNING - [logger.warning:177] - Listening timed out - no speech detected
2025-11-07 05:12:52 - Matrix - INFO - [logger.info:173] - State transition: wake_word_detection -> wake_word_detection
2025-11-07 05:12:58 - Matrix - WARNING - [logger.warning:177] - Listening timed out - no speech detected
2025-11-07 05:12:58 - Matrix - INFO - [logger.info:173] - State transition: wake_word_detection -> wake_word_detection
2025-11-07 05:13:04 - Matrix - WARNING - [logger.warning:177] - Listening timed out - no speech detected
2025-11-07 05:13:04 - Matrix - INFO - [logger.info:173] - State transition: wake_word_detection -> wake_word_detection
2025-11-07 05:13:10 - Matrix - WARNING - [logger.warning:177] - Listening timed out - no speech detected
2025-11-07 05:13:10 - Matrix - INFO - [logger.info:173] - State transition: wake_word_detection -> wake_word_detection
2025-11-07 05:13:16 - Matrix - WARNING - [logger.warning:177] - Listening timed out - no speech detected
2025-11-07 05:13:16 - Matrix - INFO - [logger.info:173] - State transition: wake_word_detection -> wake_word_detection
2025-11-07 05:13:22 - Matrix - WARNING - [logger.warning:177] - Listening timed out - no speech detected
2025-11-07 05:13:22 - Matrix - INFO - [logger.info:173] - State transition: wake_word_detection -> wake_word_detection
2025-11-07 05:13:28 - Matrix - WARNING - [logger.warning:177] - Listening timed out - no speech detected
2025-11-07 05:13:28 - Matrix - INFO - [logger.info:173] - State transition: wake_word_detection -> wake_word_detection
2025-11-07 05:13:33 - Matrix - WARNING - [logger.warning:177] - Listening timed out - no speech detected
2025-11-07 05:13:33 - Matrix - INFO - [logger.info:173] - State transition: wake_word_detection -> wake_word_detection
2025-11-07 05:13:39 - Matrix - WARNING - [logger.warning:177] - Listening timed out - no speech detected
2025-11-07 05:13:39 - Matrix - INFO - [logger.info:173] - State transition: wake_word_detection -> wake_word_detection
2025-11-07 05:13:45 - Matrix - WARNING - [logger.warning:177] - Listening timed out - no speech detected
2025-11-07 05:13:45 - Matrix - INFO - [logger.info:173] - State transition: wake_word_detection -> wake_word_detection
2025-11-07 05:13:51 - Matrix - WARNING - [logger.warning:177] - Listening timed out - no speech detected
2025-11-07 05:13:51 - Matrix - INFO - [logger.info:173] - State transition: wake_word_detection -> wake_word_detection
2025-11-07 05:13:57 - Matrix - WARNING - [logger.warning:177] - Listening timed out - no speech detected
2025-11-07 05:13:57 - Matrix - INFO - [logger.info:173] - State transition: wake_word_detection -> wake_word_detection
2025-11-07 05:14:03 - Matrix - WARNING - [logger.warning:177] - Listening timed out - no speech detected
2025-11-07 05:14:03 - Matrix - INFO - [logger.info:173] - State transition: wake_word_detection -> wake_word_detection
2025-11-07 05:14:09 - Matrix - WARNING - [logger.warning:177] - Listening timed out - no speech detected
2025-11-07 05:14:09 - Matrix - INFO - [logger.info:173] - State transition: wake_word_detection -> wake_word_detection
2025-11-07 05:14:13 - Matrix - INFO - [logger.info:173] - Received shutdown signal.
2025-11-07 05:14:13 - Matrix - INFO - [logger.info:173] - Shutting down Matrix...
2025-11-07 05:14:13 - Matrix - INFO - [logger.info:173] - Speaking: Shutting down. Goodbye Sir.
2025-11-07 05:15:46 - Matrix - INFO - [logger.__init__:95] - Logger 'Matrix' initialized
2025-11-07 05:15:46 - Matrix - WARNING - [logger.warning:177] - pycaw not available - volume control will be limited
2025-11-07 05:15:48 - Matrix - INFO - [logger.info:173] - Loaded skill: app_launcher
2025-11-07 05:15:48 - Matrix - INFO - [logger.info:173] - Loaded skill: browser_control
2025-11-07 05:15:48 - Matrix - INFO - [logger.info:173] - Loaded skill: media_control
2025-11-07 05:15:48 - Matrix - INFO - [logger.info:173] - Loaded skill: system_info
2025-11-07 05:15:48 - Matrix - INFO - [logger.info:173] - Loaded skill: message_sender
2025-11-07 05:15:48 - Matrix - INFO - [logger.info:173] - Loaded skill: power_controls
2025-11-07 05:15:48 - Matrix - INFO - [logger.info:173] - Loaded skill: file_manager
2025-11-07 05:15:48 - Matrix - WARNING - [logger.warning:177] - Skill module 'smart_home' not found — skipping.
2025-11-07 05:15:48 - Matrix - WARNING - [logger.warning:177] - Skill module 'weather' not found — skipping.
2025-11-07 05:15:48 - Matrix - WARNING - [logger.warning:177] - Skill module 'calendar_manager' not found — skipping.
2025-11-07 05:15:48 - Matrix - WARNING - [logger.warning:177] - Skill module 'reminder_system' not found — skipping.
2025-11-07 05:15:48 - Matrix - WARNING - [logger.warning:177] - Skill module 'music_player' not found — skipping.
2025-11-07 05:15:48 - Matrix - WARNING - [logger.warning:177] - Skill module 'screen_capture' not found — skipping.
2025-11-07 05:15:48 - Matrix - INFO - [logger.info:173] - Logging initialized - Level: INFO, Directory: logs
2025-11-07 05:15:48 - Matrix - INFO - [logger.info:173] - ============================================================
2025-11-07 05:15:48 - Matrix - INFO - [logger.info:173] - Matrix Voice Assistant Starting...
2025-11-07 05:15:48 - Matrix - INFO - [logger.info:173] - ============================================================
2025-11-07 05:15:48 - Matrix - INFO - [logger.info:173] - Configuration: Wake word='matrix', Timeout=15s, UI=True
2025-11-07 05:15:48 - Matrix - INFO - [logger.info:173] - TTS engine initialized successfully
2025-11-07 05:15:48 - Matrix - INFO - [logger.info:173] - Speech Engine initialized
2025-11-07 05:15:48 - Matrix - INFO - [logger.info:173] - TTS engine initialized successfully
2025-11-07 05:15:48 - Matrix - INFO - [logger.info:173] - Speech Engine initialized
2025-11-07 05:15:48 - Matrix - INFO - [logger.info:173] - Listener initialized with wake word: 'matrix'
2025-11-07 05:15:48 - Matrix - INFO - [logger.info:173] - Command Processor initialized with 30 commands
2025-11-07 05:15:48 - Matrix - INFO - [logger.info:173] - Context Manager initialized
2025-11-07 05:15:48 - Matrix - INFO - [logger.info:173] - UI Manager initialized
2025-11-07 05:15:48 - Matrix - INFO - [logger.info:173] - Matrix initialized successfully
2025-11-07 05:15:48 - Matrix - INFO - [logger.info:173] - Starting Matrix Voice Assistant...
2025-11-07 05:15:48 - Matrix - INFO - [logger.info:173] - UI window created
2025-11-07 05:15:49 - Matrix - INFO - [logger.info:173] - Speaking: Hello Sir, I am Matrix. All systems online and ready for your command.
2025-11-07 05:15:49 - Matrix - INFO - [logger.info:173] - State transition: idle -> wake_word_detection
2025-11-07 05:15:49 - Matrix - INFO - [logger.info:173] - State transition: wake_word_detection -> wake_word_detection
2025-11-07 05:15:56 - Matrix - WARNING - [logger.warning:177] - Listening timed out - no speech detected
2025-11-07 05:15:56 - Matrix - INFO - [logger.info:173] - State transition: wake_word_detection -> wake_word_detection
2025-11-07 05:16:01 - Matrix - WARNING - [logger.warning:177] - Listening timed out - no speech detected
2025-11-07 05:16:01 - Matrix - INFO - [logger.info:173] - State transition: wake_word_detection -> wake_word_detection
2025-11-07 05:16:07 - Matrix - WARNING - [logger.warning:177] - Listening timed out - no speech detected
2025-11-07 05:16:07 - Matrix - INFO - [logger.info:173] - State transition: wake_word_detection -> wake_word_detection
2025-11-07 05:16:13 - Matrix - WARNING - [logger.warning:177] - Listening timed out - no speech detected
2025-11-07 05:16:13 - Matrix - INFO - [logger.info:173] - State transition: wake_word_detection -> wake_word_detection
2025-11-07 05:16:19 - Matrix - WARNING - [logger.warning:177] - Listening timed out - no speech detected
2025-11-07 05:16:19 - Matrix - INFO - [logger.info:173] - State transition: wake_word_detection -> wake_word_detection
2025-11-07 05:16:25 - Matrix - WARNING - [logger.warning:177] - Listening timed out - no speech detected
2025-11-07 05:16:25 - Matrix - INFO - [logger.info:173] - State transition: wake_word_detection -> wake_word_detection
2025-11-07 05:16:31 - Matrix - WARNING - [logger.warning:177] - Listening timed out - no speech detected
2025-11-07 05:16:31 - Matrix - INFO - [logger.info:173] - State transition: wake_word_detection -> wake_word_detection
2025-11-07 05:16:37 - Matrix - WARNING - [logger.warning:177] - Listening timed out - no speech detected
2025-11-07 05:16:37 - Matrix - INFO - [logger.info:173] - State transition: wake_word_detection -> wake_word_detection
2025-11-07 05:16:43 - Matrix - WARNING - [logger.warning:177] - Listening timed out - no speech detected
2025-11-07 05:16:43 - Matrix - INFO - [logger.info:173] - State transition: wake_word_detection -> wake_word_detection
2025-11-07 05:16:48 - Matrix - INFO - [logger.info:173] - Received shutdown signal.
2025-11-07 05:16:48 - Matrix - INFO - [logger.info:173] - Shutting down Matrix...
2025-11-07 05:16:48 - Matrix - INFO - [logger.info:173] - Speaking: Shutting down. Goodbye Sir.
2025-11-07 05:17:31 - Matrix - INFO - [logger.__init__:95] - Logger 'Matrix' initialized
2025-11-07 05:17:31 - Matrix - WARNING - [logger.warning:177] - pycaw not available - volume control will be limited
2025-11-07 05:17:33 - Matrix - INFO - [logger.info:173] - Loaded skill: app_launcher
2025-11-07 05:17:33 - Matrix - INFO - [logger.info:173] - Loaded skill: browser_control
2025-11-07 05:17:33 - Matrix - INFO - [logger.info:173] - Loaded skill: media_control
2025-11-07 05:17:33 - Matrix - INFO - [logger.info:173] - Loaded skill: system_info
2025-11-07 05:17:33 - Matrix - INFO - [logger.info:173] - Loaded skill: message_sender
2025-11-07 05:17:33 - Matrix - INFO - [logger.info:173] - Loaded skill: power_controls
2025-11-07 05:17:33 - Matrix - INFO - [logger.info:173] - Loaded skill: file_manager
2025-11-07 05:17:33 - Matrix - WARNING - [logger.warning:177] - Skill module 'smart_home' not found — skipping.
2025-11-07 05:17:33 - Matrix - WARNING - [logger.warning:177] - Skill module 'weather' not found — skipping.
2025-11-07 05:17:33 - Matrix - WARNING - [logger.warning:177] - Skill module 'calendar_manager' not found — skipping.
2025-11-07 05:17:33 - Matrix - WARNING - [logger.warning:177] - Skill module 'reminder_system' not found — skipping.
2025-11-07 05:17:33 - Matrix - WARNING - [logger.warning:177] - Skill module 'music_player' not found — skipping.
2025-11-07 05:17:33 - Matrix - WARNING - [logger.warning:177] - Skill module 'screen_capture' not found — skipping.
2025-11-07 05:17:33 - Matrix - INFO - [logger.info:173] - Logging initialized - Level: INFO, Directory: logs
2025-11-07 05:17:33 - Matrix - INFO - [logger.info:173] - ============================================================
2025-11-07 05:17:33 - Matrix - INFO - [logger.info:173] - Matrix Voice Assistant Starting...
2025-11-07 05:17:33 - Matrix - INFO - [logger.info:173] - ============================================================
2025-11-07 05:17:33 - Matrix - INFO - [logger.info:173] - Configuration: Wake word='matrix', Timeout=15s, UI=True
2025-11-07 05:17:33 - Matrix - INFO - [logger.info:173] - TTS engine initialized successfully
2025-11-07 05:17:33 - Matrix - INFO - [logger.info:173] - Speech Engine initialized
2025-11-07 05:17:33 - Matrix - INFO - [logger.info:173] - TTS engine initialized successfully
2025-11-07 05:17:33 - Matrix - INFO - [logger.info:173] - Speech Engine initialized
2025-11-07 05:17:33 - Matrix - INFO - [logger.info:173] - Listener initialized with wake word: 'matrix'
2025-11-07 05:17:33 - Matrix - INFO - [logger.info:173] - Command Processor initialized with 30 commands
2025-11-07 05:17:33 - Matrix - INFO - [logger.info:173] - Context Manager initialized
2025-11-07 05:17:33 - Matrix - INFO - [logger.info:173] - UI Manager initialized
2025-11-07 05:17:33 - Matrix - INFO - [logger.info:173] - Matrix initialized successfully
2025-11-07 05:17:33 - Matrix - INFO - [logger.info:173] - Starting Matrix Voice Assistant...
2025-11-07 05:17:33 - Matrix - INFO - [logger.info:173] - UI window created
2025-11-07 05:17:34 - Matrix - INFO - [logger.info:173] - Speaking: Hello Sir, I am Matrix. All systems online and ready for your command.
2025-11-07 05:17:34 - Matrix - INFO - [logger.info:173] - State transition: idle -> wake_word_detection
2025-11-07 05:17:34 - Matrix - INFO - [logger.info:173] - State transition: wake_word_detection -> wake_word_detection
2025-11-07 05:17:40 - Matrix - WARNING - [logger.warning:177] - Listening timed out - no speech detected
2025-11-07 05:17:40 - Matrix - INFO - [logger.info:173] - State transition: wake_word_detection -> wake_word_detection
2025-11-07 05:17:46 - Matrix - WARNING - [logger.warning:177] - Listening timed out - no speech detected
2025-11-07 05:17:46 - Matrix - INFO - [logger.info:173] - State transition: wake_word_detection -> wake_word_detection
2025-11-07 05:17:51 - Matrix - INFO - [logger.info:173] - Received shutdown signal.
2025-11-07 05:17:51 - Matrix - INFO - [logger.info:173] - Shutting down Matrix...
2025-11-07 05:17:51 - Matrix - INFO - [logger.info:173] - Speaking: Shutting down. Goodbye Sir.
2025-11-07 05:19:41 - Matrix - INFO - [logger.__init__:95] - Logger 'Matrix' initialized
2025-11-07 05:19:41 - Matrix - WARNING - [logger.warning:177] - pycaw not available - volume control will be limited
2025-11-07 05:19:44 - Matrix - INFO - [logger.info:173] - Loaded skill: app_launcher
2025-11-07 05:19:44 - Matrix - INFO - [logger.info:173] - Loaded skill: browser_control
2025-11-07 05:19:44 - Matrix - INFO - [logger.info:173] - Loaded skill: media_control
2025-11-07 05:19:44 - Matrix - INFO - [logger.info:173] - Loaded skill: system_info
2025-11-07 05:19:44 - Matrix - INFO - [logger.info:173] - Loaded skill: message_sender
2025-11-07 05:19:44 - Matrix - INFO - [logger.info:173] - Loaded skill: power_controls
2025-11-07 05:19:44 - Matrix - INFO - [logger.info:173] - Loaded skill: file_manager
2025-11-07 05:19:44 - Matrix - WARNING - [logger.warning:177] - Skill module 'smart_home' not found — skipping.
2025-11-07 05:19:44 - Matrix - WARNING - [logger.warning:177] - Skill module 'weather' not found — skipping.
2025-11-07 05:19:44 - Matrix - WARNING - [logger.warning:177] - Skill module 'calendar_manager' not found — skipping.
2025-11-07 05:19:44 - Matrix - WARNING - [logger.warning:177] - Skill module 'reminder_system' not found — skipping.
2025-11-07 05:19:44 - Matrix - WARNING - [logger.warning:177] - Skill module 'music_player' not found — skipping.
2025-11-07 05:19:44 - Matrix - WARNING - [logger.warning:177] - Skill module 'screen_capture' not found — skipping.
2025-11-07 05:19:44 - Matrix - INFO - [logger.info:173] - Logging initialized - Level: INFO, Directory: logs
2025-11-07 05:19:44 - Matrix - INFO - [logger.info:173] - ============================================================
2025-11-07 05:19:44 - Matrix - INFO - [logger.info:173] - Matrix Voice Assistant Starting...
2025-11-07 05:19:44 - Matrix - INFO - [logger.info:173] - ============================================================
2025-11-07 05:19:44 - Matrix - INFO - [logger.info:173] - Configuration: Wake word='matrix', Timeout=15s, UI=True
2025-11-07 05:19:44 - Matrix - INFO - [logger.info:173] - TTS engine initialized successfully
2025-11-07 05:19:44 - Matrix - INFO - [logger.info:173] - Speech Engine initialized
2025-11-07 05:19:44 - Matrix - INFO - [logger.info:173] - TTS engine initialized successfully
2025-11-07 05:19:44 - Matrix - INFO - [logger.info:173] - Speech Engine initialized
2025-11-07 05:19:44 - Matrix - INFO - [logger.info:173] - Listener initialized with wake word: 'matrix'
2025-11-07 05:19:44 - Matrix - INFO - [logger.info:173] - Command Processor initialized with 30 commands
2025-11-07 05:19:44 - Matrix - INFO - [logger.info:173] - Context Manager initialized
2025-11-07 05:19:44 - Matrix - INFO - [logger.info:173] - UI Manager initialized
2025-11-07 05:19:44 - Matrix - INFO - [logger.info:173] - Matrix initialized successfully
2025-11-07 05:19:44 - Matrix - INFO - [logger.info:173] - Starting Matrix Voice Assistant...
2025-11-07 05:19:44 - Matrix - INFO - [logger.info:173] - UI window created
2025-11-07 05:19:45 - Matrix - INFO - [logger.info:173] - Speaking: Hello Sir, I am Matrix. All systems online and ready for your command.
2025-11-07 05:19:45 - Matrix - INFO - [logger.info:173] - State transition: idle -> wake_word_detection
2025-11-07 05:19:45 - Matrix - INFO - [logger.info:173] - State transition: wake_word_detection -> wake_word_detection
2025-11-07 05:19:51 - Matrix - WARNING - [logger.warning:177] - Listening timed out - no speech detected
2025-11-07 05:19:51 - Matrix - INFO - [logger.info:173] - State transition: wake_word_detection -> wake_word_detection
2025-11-07 05:19:57 - Matrix - WARNING - [logger.warning:177] - Listening timed out - no speech detected
2025-11-07 05:19:57 - Matrix - INFO - [logger.info:173] - State transition: wake_word_detection -> wake_word_detection
2025-11-07 05:19:59 - Matrix - INFO - [logger.info:173] - Received shutdown signal.
2025-11-07 05:19:59 - Matrix - INFO - [logger.info:173] - Shutting down Matrix...
2025-11-07 05:19:59 - Matrix - INFO - [logger.info:173] - Speaking: Shutting down. Goodbye Sir.
