2025-06-21 08:47:47,261 - INFO - Imported existing <module 'comtypes.gen' from 'C:\\Users\\manideep\\AppData\\Roaming\\Python\\Python311\\site-packages\\comtypes\\gen\\__init__.py'>
2025-06-21 08:47:47,263 - INFO - Using writeable comtypes cache directory: 'C:\Users\manideep\AppData\Roaming\Python\Python311\site-packages\comtypes\gen'
2025-06-21 08:47:47,579 - INFO - Speaking: Hello Sir, I am Matrix. Ready for command.
2025-06-21 08:47:54,671 - INFO - Listening for user input...
2025-06-21 08:48:01,285 - ERROR - Could not understand audio.
2025-06-21 08:48:01,860 - INFO - Listening for user input...
2025-06-21 08:48:06,141 - INFO - Recognized: open chrome
2025-06-21 08:48:06,608 - INFO - Listening for user input...
2025-06-21 08:48:14,736 - INFO - Recognized: are main kya kar raha din gunde
2025-06-21 08:48:15,230 - INFO - Listening for user input...
2025-06-21 08:48:20,968 - ERROR - Could not understand audio.
2025-06-21 08:48:21,343 - INFO - Listening for user input...
2025-06-21 08:48:27,876 - INFO - Recognized: open chrome
2025-06-21 08:48:28,382 - INFO - Listening for user input...
2025-06-21 08:48:34,390 - ERROR - Listening timed out.
2025-06-21 08:57:47,338 - INFO - Imported existing <module 'comtypes.gen' from 'C:\\Users\\manideep\\AppData\\Roaming\\Python\\Python311\\site-packages\\comtypes\\gen\\__init__.py'>
2025-06-21 08:57:47,339 - INFO - Using writeable comtypes cache directory: 'C:\Users\manideep\AppData\Roaming\Python\Python311\site-packages\comtypes\gen'
2025-06-21 08:57:47,479 - INFO - Speaking: Hello Sir, I am Matrix. Ready for command.
2025-06-21 08:57:53,677 - INFO - Listening for user input...
2025-06-21 08:57:56,621 - INFO - Recognized: open chrome
2025-06-21 08:57:57,059 - INFO - Listening for user input...
2025-06-21 08:58:01,295 - ERROR - Could not understand audio.
2025-06-21 08:58:01,662 - INFO - Listening for user input...
2025-06-21 08:58:04,505 - INFO - Recognized: hello
2025-06-21 08:58:04,790 - INFO - Listening for user input...
2025-06-21 08:58:12,546 - INFO - Recognized: hello
2025-06-21 08:58:13,068 - INFO - Listening for user input...
2025-06-21 08:58:34,675 - INFO - Recognized: hello
2025-06-21 08:58:35,305 - INFO - Listening for user input...
2025-06-21 08:58:41,315 - ERROR - Listening timed out.
2025-06-21 08:58:41,738 - INFO - Listening for user input...
2025-06-21 19:37:17,257 - INFO - Imported existing <module 'comtypes.gen' from 'C:\\Users\\manideep\\AppData\\Roaming\\Python\\Python311\\site-packages\\comtypes\\gen\\__init__.py'>
2025-06-21 19:37:17,257 - INFO - Using writeable comtypes cache directory: 'C:\Users\manideep\AppData\Roaming\Python\Python311\site-packages\comtypes\gen'
2025-06-21 19:37:17,648 - INFO - Speaking: Hello Sir, I am Matrix. Ready for command.
2025-06-21 19:37:23,956 - INFO - Listening for user input...
2025-06-21 19:37:30,397 - INFO - Recognized: hello
2025-06-21 19:37:30,996 - INFO - Listening for user input...
2025-06-21 19:37:39,796 - INFO - Recognized: open chrome
2025-06-21 19:37:40,398 - INFO - Listening for user input...
2025-06-21 19:37:46,408 - ERROR - Listening timed out.
2025-06-21 19:37:46,861 - INFO - Listening for user input...
2025-06-21 19:37:51,563 - INFO - Recognized: a matrix open chrome
2025-06-21 19:37:51,967 - INFO - Listening for user input...
2025-06-21 19:37:59,344 - ERROR - Could not understand audio.
2025-06-21 19:37:59,901 - INFO - Listening for user input...
2025-06-21 19:38:07,257 - ERROR - Could not understand audio.
2025-06-21 19:38:07,796 - INFO - Listening for user input...
2025-06-21 19:38:14,341 - ERROR - Could not understand audio.
2025-06-21 19:38:14,921 - INFO - Listening for user input...
2025-06-21 19:38:17,839 - ERROR - Could not understand audio.
2025-06-21 19:38:18,242 - INFO - Listening for user input...
2025-06-21 19:38:24,250 - ERROR - Listening timed out.
2025-06-21 19:38:24,789 - INFO - Listening for user input...
2025-06-21 19:38:28,445 - INFO - Recognized: matrix open chrome
2025-06-21 19:38:28,869 - INFO - Listening for user input...
2025-06-21 19:38:34,050 - ERROR - Could not understand audio.
2025-06-21 19:38:34,484 - INFO - Listening for user input...
2025-06-21 19:38:39,484 - INFO - Recognized: open chrome
2025-06-21 19:38:39,912 - INFO - Listening for user input...
2025-06-21 19:38:50,757 - ERROR - Could not understand audio.
2025-06-21 19:38:51,356 - INFO - Listening for user input...
2025-06-21 19:39:01,754 - ERROR - Could not understand audio.
2025-06-21 19:39:02,310 - INFO - Listening for user input...
2025-06-21 19:39:09,371 - ERROR - Could not understand audio.
2025-06-21 19:39:39,105 - INFO - Imported existing <module 'comtypes.gen' from 'C:\\Users\\manideep\\AppData\\Roaming\\Python\\Python311\\site-packages\\comtypes\\gen\\__init__.py'>
2025-06-21 19:39:39,105 - INFO - Using writeable comtypes cache directory: 'C:\Users\manideep\AppData\Roaming\Python\Python311\site-packages\comtypes\gen'
2025-06-21 19:39:39,221 - INFO - Speaking: Hello Sir, I am Matrix. Ready for command.
2025-06-21 19:39:45,358 - INFO - Listening for user input...
2025-06-21 19:39:51,841 - ERROR - Could not understand audio.
2025-06-21 19:39:52,371 - INFO - Listening for user input...
2025-06-21 19:39:59,953 - INFO - Recognized: pay matrix open chrome
2025-06-21 19:40:00,524 - INFO - Listening for user input...
2025-06-21 19:40:08,015 - INFO - Recognized: matrix open chrome
2025-06-21 19:40:08,546 - INFO - Listening for user input...
2025-06-21 19:40:11,795 - ERROR - Could not understand audio.
2025-06-21 19:40:12,168 - INFO - Listening for user input...
2025-06-21 19:40:17,182 - ERROR - Could not understand audio.
2025-06-21 19:40:17,640 - INFO - Listening for user input...
2025-06-21 19:40:25,095 - ERROR - Could not understand audio.
2025-06-21 19:40:25,576 - INFO - Listening for user input...
2025-06-21 19:40:32,874 - ERROR - Could not understand audio.
2025-06-21 19:40:33,426 - INFO - Listening for user input...
2025-06-21 19:40:37,682 - ERROR - Could not understand audio.
2025-06-21 19:40:38,090 - INFO - Listening for user input...
2025-06-21 19:40:45,043 - ERROR - Could not understand audio.
2025-06-21 19:40:45,575 - INFO - Listening for user input...
2025-06-21 19:40:52,521 - ERROR - Could not understand audio.
2025-06-21 19:40:53,095 - INFO - Listening for user input...
2025-06-21 19:40:59,870 - ERROR - Could not understand audio.
2025-06-21 19:41:00,452 - INFO - Listening for user input...
2025-06-21 19:41:04,947 - INFO - Recognized: a matrix open chrome
2025-06-21 19:41:05,377 - INFO - Listening for user input...
2025-06-21 19:41:10,455 - ERROR - Could not understand audio.
2025-06-21 19:41:10,872 - INFO - Listening for user input...
2025-06-21 19:41:18,207 - INFO - Recognized: romantic song open
2025-06-21 19:41:18,788 - INFO - Listening for user input...
2025-06-21 19:41:22,965 - INFO - Recognized: kadma
2025-06-21 19:41:23,457 - INFO - Listening for user input...
2025-06-21 19:41:29,754 - INFO - Recognized: open chrome
2025-06-21 19:41:30,292 - INFO - Listening for user input...
2025-06-21 19:41:34,773 - INFO - Recognized: open chrome
2025-06-21 19:41:35,224 - INFO - Listening for user input...
2025-06-21 19:41:41,234 - ERROR - Listening timed out.
2025-06-21 19:41:41,809 - INFO - Listening for user input...
2025-06-21 19:41:45,638 - INFO - Recognized: open microsoft edge
2025-06-21 19:41:46,096 - INFO - Listening for user input...
2025-06-21 19:41:52,106 - ERROR - Listening timed out.
2025-06-21 19:41:52,633 - INFO - Listening for user input...
