2025-11-10 13:17:47 - Matrix - INFO - [logger.__init__:95] - Logger 'Matrix' initialized
2025-11-10 13:17:49 - Matrix - WARNING - [logger.warning:177] - pycaw not available - volume control will be limited
2025-11-10 13:19:30 - Matrix - INFO - [logger.__init__:95] - Logger 'Matrix' initialized
2025-11-10 13:19:30 - Matrix - WARNING - [logger.warning:177] - pycaw not available - volume control will be limited
2025-11-10 13:19:32 - Matrix - INFO - [logger.info:173] - Loaded skill: app_launcher
2025-11-10 13:19:32 - Matrix - INFO - [logger.info:173] - Loaded skill: browser_control
2025-11-10 13:19:32 - Matrix - INFO - [logger.info:173] - Loaded skill: media_control
2025-11-10 13:19:32 - Matrix - INFO - [logger.info:173] - Loaded skill: system_info
2025-11-10 13:19:32 - Matrix - INFO - [logger.info:173] - Loaded skill: message_sender
2025-11-10 13:19:32 - Matrix - INFO - [logger.info:173] - Loaded skill: power_controls
2025-11-10 13:19:32 - Matrix - INFO - [logger.info:173] - Loaded skill: file_manager
2025-11-10 13:19:32 - Matrix - WARNING - [logger.warning:177] - Skill module 'smart_home' not found — skipping.
2025-11-10 13:19:32 - Matrix - WARNING - [logger.warning:177] - Skill module 'weather' not found — skipping.
2025-11-10 13:19:32 - Matrix - WARNING - [logger.warning:177] - Skill module 'calendar_manager' not found — skipping.
2025-11-10 13:19:32 - Matrix - WARNING - [logger.warning:177] - Skill module 'reminder_system' not found — skipping.
2025-11-10 13:19:32 - Matrix - WARNING - [logger.warning:177] - Skill module 'music_player' not found — skipping.
2025-11-10 13:19:32 - Matrix - WARNING - [logger.warning:177] - Skill module 'screen_capture' not found — skipping.
2025-11-10 13:19:32 - Matrix - INFO - [logger.info:173] - Logging initialized - Level: INFO, Directory: logs
2025-11-10 13:19:32 - Matrix - INFO - [logger.info:173] - ============================================================
2025-11-10 13:19:32 - Matrix - INFO - [logger.info:173] - Matrix Voice Assistant Starting...
2025-11-10 13:19:32 - Matrix - INFO - [logger.info:173] - ============================================================
2025-11-10 13:19:32 - Matrix - INFO - [logger.info:173] - Configuration: Wake word='matrix', Timeout=15s, UI=True
2025-11-10 13:19:33 - Matrix - INFO - [logger.info:173] - TTS engine initialized successfully
2025-11-10 13:19:33 - Matrix - INFO - [logger.info:173] - Speech Engine initialized
2025-11-10 13:19:33 - Matrix - INFO - [logger.info:173] - TTS engine initialized successfully
2025-11-10 13:19:33 - Matrix - INFO - [logger.info:173] - Speech Engine initialized
2025-11-10 13:19:33 - Matrix - INFO - [logger.info:173] - Listener initialized with wake word: 'matrix'
2025-11-10 13:19:33 - Matrix - INFO - [logger.info:173] - Command Processor initialized with 30 commands
2025-11-10 13:19:33 - Matrix - INFO - [logger.info:173] - Context Manager initialized
2025-11-10 13:19:33 - Matrix - INFO - [logger.info:173] - UI Manager initialized
2025-11-10 13:19:33 - Matrix - INFO - [logger.info:173] - Matrix initialized successfully
2025-11-10 13:19:33 - Matrix - INFO - [logger.info:173] - Starting Matrix Voice Assistant...
2025-11-10 13:19:33 - Matrix - INFO - [logger.info:173] - UI window created
2025-11-10 13:19:34 - Matrix - INFO - [logger.info:173] - Speaking: Hello Sir, I am Matrix. All systems online and ready for your command.
2025-11-10 13:19:34 - Matrix - INFO - [logger.info:173] - State transition: idle -> wake_word_detection
2025-11-10 13:19:34 - Matrix - INFO - [logger.info:173] - State transition: wake_word_detection -> wake_word_detection
2025-11-10 13:19:42 - Matrix - WARNING - [logger.warning:177] - Google Speech Recognition could not understand audio
2025-11-10 13:19:44 - Matrix - INFO - [logger.info:173] - Used Sphinx (offline) recognition as fallback
2025-11-10 13:19:44 - Matrix - INFO - [logger.info:173] - ✓ Recognized: 'that we are'
2025-11-10 13:19:44 - Matrix - INFO - [logger.info:173] - State transition: wake_word_detection -> wake_word_detection
2025-11-10 13:19:50 - Matrix - INFO - [logger.info:173] - ✓ Recognized: 'hey mat'
2025-11-10 13:19:50 - Matrix - INFO - [logger.info:173] - Wake word detected (82.35%): 'hey mat'
2025-11-10 13:19:50 - Matrix - INFO - [logger.info:173] - State transition: wake_word_detection -> listening
2025-11-10 13:19:50 - Matrix - INFO - [logger.info:173] - Speaking: Yes Sir?
2025-11-10 13:19:50 - Matrix - INFO - [logger.info:173] - Wake word detected - Assistant activated
2025-11-10 13:19:50 - Matrix - INFO - [logger.info:173] - State transition: listening -> listening
2025-11-10 13:19:54 - Matrix - WARNING - [logger.warning:177] - Listening timed out - no speech detected
2025-11-10 13:19:54 - Matrix - INFO - [logger.info:173] - State transition: listening -> listening
2025-11-10 13:19:58 - Matrix - WARNING - [logger.warning:177] - Listening timed out - no speech detected
2025-11-10 13:19:58 - Matrix - INFO - [logger.info:173] - State transition: listening -> listening
2025-11-10 13:20:04 - Matrix - INFO - [logger.info:173] - ✓ Recognized: 'open instagram open youtube'
2025-11-10 13:20:04 - Matrix - INFO - [logger.info:173] - User said: open instagram open youtube
2025-11-10 13:20:04 - Matrix - INFO - [logger.info:173] - State transition: listening -> processing
2025-11-10 13:20:04 - Matrix - INFO - [logger.info:173] - Executing command: Open YouTube
2025-11-10 13:20:04 - Matrix - INFO - [logger.info:173] - Browser Controller initialized
2025-11-10 13:20:04 - Matrix - INFO - [logger.info:173] - TTS engine initialized successfully
2025-11-10 13:20:04 - Matrix - INFO - [logger.info:173] - Speech Engine initialized
2025-11-10 13:20:04 - Matrix - INFO - [logger.info:173] - Speaking: Opening youtube
2025-11-10 13:20:04 - Matrix - INFO - [logger.info:173] - Opening shortcut: youtube -> https://www.youtube.com
2025-11-10 13:20:04 - Matrix - ERROR - [logger.error:181] - Error in blocking speech: run loop already started
2025-11-10 13:20:05 - Matrix - INFO - [logger.info:173] - State transition: processing -> listening
2025-11-10 13:20:05 - Matrix - INFO - [logger.info:173] - State transition: listening -> listening
2025-11-10 13:20:09 - Matrix - WARNING - [logger.warning:177] - Listening timed out - no speech detected
2025-11-10 13:20:09 - Matrix - INFO - [logger.info:173] - State transition: listening -> listening
2025-11-10 13:20:13 - Matrix - WARNING - [logger.warning:177] - Listening timed out - no speech detected
2025-11-10 13:20:13 - Matrix - INFO - [logger.info:173] - State transition: listening -> listening
2025-11-10 13:20:20 - Matrix - INFO - [logger.info:173] - ✓ Recognized: 'play din din diwali'
2025-11-10 13:20:20 - Matrix - INFO - [logger.info:173] - User said: play din din diwali
2025-11-10 13:20:21 - Matrix - INFO - [logger.info:173] - State transition: listening -> processing
2025-11-10 13:20:21 - Matrix - WARNING - [logger.warning:177] - Unknown command: play din din diwali
2025-11-10 13:20:21 - Matrix - INFO - [logger.info:173] - Speaking: I didn't understand that command. Please try again.
2025-11-10 13:20:21 - Matrix - INFO - [logger.info:173] - State transition: processing -> listening
2025-11-10 13:20:21 - Matrix - INFO - [logger.info:173] - Speaking: Timeout. Going to sleep mode.
2025-11-10 13:20:21 - Matrix - INFO - [logger.info:173] - State transition: listening -> idle
2025-11-10 13:20:21 - Matrix - INFO - [logger.info:173] - State transition: idle -> wake_word_detection
2025-11-10 13:20:26 - Matrix - WARNING - [logger.warning:177] - Listening timed out - no speech detected
2025-11-10 13:20:26 - Matrix - INFO - [logger.info:173] - State transition: wake_word_detection -> wake_word_detection
2025-11-10 13:20:32 - Matrix - INFO - [logger.info:173] - ✓ Recognized: 'play din din diwali'
2025-11-10 13:20:32 - Matrix - INFO - [logger.info:173] - State transition: wake_word_detection -> wake_word_detection
2025-11-10 13:20:35 - Matrix - INFO - [logger.info:173] - ✓ Recognized: 'in youtube'
2025-11-10 13:20:35 - Matrix - INFO - [logger.info:173] - State transition: wake_word_detection -> wake_word_detection
2025-11-10 13:20:42 - Matrix - INFO - [logger.info:173] - ✓ Recognized: 'a mat'
2025-11-10 13:20:42 - Matrix - INFO - [logger.info:173] - State transition: wake_word_detection -> wake_word_detection
2025-11-10 13:20:47 - Matrix - INFO - [logger.info:173] - ✓ Recognized: 'play din din diwali song in'
2025-11-10 13:20:48 - Matrix - INFO - [logger.info:173] - State transition: wake_word_detection -> wake_word_detection
2025-11-10 13:20:54 - Matrix - INFO - [logger.info:173] - ✓ Recognized: 'play din din diwali in'
2025-11-10 13:20:54 - Matrix - INFO - [logger.info:173] - State transition: wake_word_detection -> wake_word_detection
2025-11-10 13:20:58 - Matrix - INFO - [logger.info:173] - ✓ Recognized: 'in youtube'
2025-11-10 13:20:58 - Matrix - INFO - [logger.info:173] - State transition: wake_word_detection -> wake_word_detection
2025-11-10 13:21:04 - Matrix - WARNING - [logger.warning:177] - Listening timed out - no speech detected
2025-11-10 13:21:04 - Matrix - INFO - [logger.info:173] - State transition: wake_word_detection -> wake_word_detection
2025-11-10 13:21:09 - Matrix - INFO - [logger.info:173] - Received shutdown signal.
2025-11-10 13:21:09 - Matrix - INFO - [logger.info:173] - Shutting down Matrix...
2025-11-10 13:21:09 - Matrix - INFO - [logger.info:173] - Speaking: Shutting down. Goodbye Sir.
2025-11-10 22:31:08 - Matrix - INFO - [logger.__init__:95] - Logger 'Matrix' initialized
2025-11-10 22:31:10 - Matrix - WARNING - [logger.warning:177] - pycaw not available - volume control will be limited
2025-11-10 22:31:12 - Matrix - INFO - [logger.info:173] - Loaded skill: app_launcher
2025-11-10 22:31:12 - Matrix - INFO - [logger.info:173] - Loaded skill: browser_control
2025-11-10 22:31:12 - Matrix - INFO - [logger.info:173] - Loaded skill: media_control
2025-11-10 22:31:12 - Matrix - INFO - [logger.info:173] - Loaded skill: system_info
2025-11-10 22:31:12 - Matrix - INFO - [logger.info:173] - Loaded skill: message_sender
2025-11-10 22:31:12 - Matrix - INFO - [logger.info:173] - Loaded skill: power_controls
2025-11-10 22:31:12 - Matrix - INFO - [logger.info:173] - Loaded skill: file_manager
2025-11-10 22:31:12 - Matrix - WARNING - [logger.warning:177] - Skill module 'smart_home' not found — skipping.
2025-11-10 22:31:12 - Matrix - WARNING - [logger.warning:177] - Skill module 'weather' not found — skipping.
2025-11-10 22:31:12 - Matrix - WARNING - [logger.warning:177] - Skill module 'calendar_manager' not found — skipping.
2025-11-10 22:31:12 - Matrix - WARNING - [logger.warning:177] - Skill module 'reminder_system' not found — skipping.
2025-11-10 22:31:12 - Matrix - WARNING - [logger.warning:177] - Skill module 'music_player' not found — skipping.
2025-11-10 22:31:12 - Matrix - WARNING - [logger.warning:177] - Skill module 'screen_capture' not found — skipping.
2025-11-10 22:31:12 - Matrix - INFO - [logger.info:173] - Logging initialized - Level: INFO, Directory: logs
2025-11-10 22:31:12 - Matrix - INFO - [logger.info:173] - ============================================================
2025-11-10 22:31:12 - Matrix - INFO - [logger.info:173] - Matrix Voice Assistant Starting...
2025-11-10 22:31:12 - Matrix - INFO - [logger.info:173] - ============================================================
2025-11-10 22:31:12 - Matrix - INFO - [logger.info:173] - Configuration: Wake word='matrix', Timeout=15s, UI=True
2025-11-10 22:31:12 - Matrix - INFO - [logger.info:173] - TTS engine initialized successfully
2025-11-10 22:31:12 - Matrix - INFO - [logger.info:173] - Speech Engine initialized
2025-11-10 22:31:12 - Matrix - INFO - [logger.info:173] - TTS engine initialized successfully
2025-11-10 22:31:12 - Matrix - INFO - [logger.info:173] - Speech Engine initialized
2025-11-10 22:31:12 - Matrix - INFO - [logger.info:173] - Listener initialized with wake word: 'matrix'
2025-11-10 22:31:12 - Matrix - INFO - [logger.info:173] - Command Processor initialized with 30 commands
2025-11-10 22:31:12 - Matrix - INFO - [logger.info:173] - Context Manager initialized
2025-11-10 22:31:12 - Matrix - INFO - [logger.info:173] - UI Manager initialized
2025-11-10 22:31:12 - Matrix - INFO - [logger.info:173] - Matrix initialized successfully
2025-11-10 22:31:12 - Matrix - INFO - [logger.info:173] - Starting Matrix Voice Assistant...
2025-11-10 22:31:12 - Matrix - INFO - [logger.info:173] - UI window created
2025-11-10 22:31:13 - Matrix - INFO - [logger.info:173] - Speaking: Hello Sir, I am Matrix. All systems online and ready for your command.
2025-11-10 22:31:13 - Matrix - INFO - [logger.info:173] - State transition: idle -> wake_word_detection
2025-11-10 22:31:13 - Matrix - INFO - [logger.info:173] - State transition: wake_word_detection -> wake_word_detection
2025-11-10 22:31:20 - Matrix - WARNING - [logger.warning:177] - Listening timed out - no speech detected
2025-11-10 22:31:20 - Matrix - INFO - [logger.info:173] - State transition: wake_word_detection -> wake_word_detection
2025-11-10 22:31:26 - Matrix - WARNING - [logger.warning:177] - Listening timed out - no speech detected
2025-11-10 22:31:26 - Matrix - INFO - [logger.info:173] - State transition: wake_word_detection -> wake_word_detection
2025-11-10 22:31:32 - Matrix - WARNING - [logger.warning:177] - Listening timed out - no speech detected
2025-11-10 22:31:32 - Matrix - INFO - [logger.info:173] - State transition: wake_word_detection -> wake_word_detection
2025-11-10 22:31:38 - Matrix - WARNING - [logger.warning:177] - Listening timed out - no speech detected
2025-11-10 22:31:38 - Matrix - INFO - [logger.info:173] - State transition: wake_word_detection -> wake_word_detection
2025-11-10 22:31:45 - Matrix - WARNING - [logger.warning:177] - Listening timed out - no speech detected
2025-11-10 22:31:45 - Matrix - INFO - [logger.info:173] - State transition: wake_word_detection -> wake_word_detection
2025-11-10 22:31:50 - Matrix - INFO - [logger.info:173] - Received shutdown signal.
2025-11-10 22:31:50 - Matrix - INFO - [logger.info:173] - Shutting down Matrix...
2025-11-10 22:31:50 - Matrix - INFO - [logger.info:173] - Speaking: Shutting down. Goodbye Sir.
